[debug] [2022-09-18T12:09:23.440Z] ----------------------------------------------------------------------
[debug] [2022-09-18T12:09:23.443Z] Command:       C:\Program Files\nodejs\node.exe C:\Users\Acer\AppData\Roaming\npm\node_modules\firebase-tools\lib\bin\firebase.js functions:shell
[debug] [2022-09-18T12:09:23.443Z] CLI Version:   11.9.0
[debug] [2022-09-18T12:09:23.443Z] Platform:      win32
[debug] [2022-09-18T12:09:23.444Z] Node Version:  v16.17.0
[debug] [2022-09-18T12:09:23.445Z] Time:          Sun Sep 18 2022 17:09:23 GMT+0500 (Узбекистан, стандартное время)
[debug] [2022-09-18T12:09:23.445Z] ----------------------------------------------------------------------
[debug] 
[debug] [2022-09-18T12:09:23.528Z] > command requires scopes: ["email","openid","https://www.googleapis.com/auth/cloudplatformprojects.readonly","https://www.googleapis.com/auth/firebase","https://www.googleapis.com/auth/cloud-platform"]
[debug] [2022-09-18T12:09:23.529Z] > authorizing via signed-in user (broooooomr@gmail.com)
[debug] [2022-09-18T12:09:23.529Z] [iam] checking project e-clone-56597 for permissions ["firebase.projects.get"]
[debug] [2022-09-18T12:09:23.531Z] > refreshing access token with scopes: []
[debug] [2022-09-18T12:09:23.534Z] >>> [apiv2][query] POST https://www.googleapis.com/oauth2/v3/token [none]
[debug] [2022-09-18T12:09:23.534Z] >>> [apiv2][body] POST https://www.googleapis.com/oauth2/v3/token [omitted]
[debug] [2022-09-18T12:09:23.916Z] <<< [apiv2][status] POST https://www.googleapis.com/oauth2/v3/token 200
[debug] [2022-09-18T12:09:23.917Z] <<< [apiv2][body] POST https://www.googleapis.com/oauth2/v3/token [omitted]
[debug] [2022-09-18T12:09:23.950Z] >>> [apiv2][query] POST https://cloudresourcemanager.googleapis.com/v1/projects/e-clone-56597:testIamPermissions [none]
[debug] [2022-09-18T12:09:23.950Z] >>> [apiv2][(partial)header] POST https://cloudresourcemanager.googleapis.com/v1/projects/e-clone-56597:testIamPermissions x-goog-quota-user=projects/e-clone-56597
[debug] [2022-09-18T12:09:23.951Z] >>> [apiv2][body] POST https://cloudresourcemanager.googleapis.com/v1/projects/e-clone-56597:testIamPermissions {"permissions":["firebase.projects.get"]}
[debug] [2022-09-18T12:09:25.029Z] <<< [apiv2][status] POST https://cloudresourcemanager.googleapis.com/v1/projects/e-clone-56597:testIamPermissions 200
[debug] [2022-09-18T12:09:25.030Z] <<< [apiv2][body] POST https://cloudresourcemanager.googleapis.com/v1/projects/e-clone-56597:testIamPermissions {"permissions":["firebase.projects.get"]}
[debug] [2022-09-18T12:09:25.090Z] [functions] Using node@16 from host.
[debug] [2022-09-18T12:09:25.091Z] defaultcredentials: writing to file C:\Users\Acer\AppData\Roaming\firebase\broooooomr_gmail_com_application_default_credentials.json
[debug] [2022-09-18T12:09:25.093Z] DEBUG: Setting GAC to C:\Users\Acer\AppData\Roaming\firebase\broooooomr_gmail_com_application_default_credentials.json
[debug] [2022-09-18T12:09:25.094Z] >>> [apiv2][query] GET https://firebase.googleapis.com/v1beta1/projects/e-clone-56597/adminSdkConfig [none]
[debug] [2022-09-18T12:09:25.612Z] <<< [apiv2][status] GET https://firebase.googleapis.com/v1beta1/projects/e-clone-56597/adminSdkConfig 200
[debug] [2022-09-18T12:09:25.613Z] <<< [apiv2][body] GET https://firebase.googleapis.com/v1beta1/projects/e-clone-56597/adminSdkConfig {"projectId":"e-clone-56597","storageBucket":"e-clone-56597.appspot.com"}
[debug] [2022-09-18T12:09:25.655Z] [functions] Watching "D:\front\e-Commerce\functions" for Cloud Functions...
[debug] [2022-09-18T12:09:25.676Z] Validating nodejs source
[debug] [2022-09-18T12:09:30.350Z] > [functions] package.json contents: {
  "name": "functions",
  "description": "Cloud Functions for Firebase",
  "scripts": {
    "lint": "eslint .",
    "serve": "firebase emulators:start --only functions",
    "shell": "firebase functions:shell",
    "start": "npm run shell",
    "deploy": "firebase deploy --only functions",
    "logs": "firebase functions:log"
  },
  "engines": {
    "node": "16"
  },
  "main": "index.js",
  "dependencies": {
    "express": "^4.18.1",
    "firebase-admin": "^10.0.2",
    "firebase-functions": "^3.18.0",
    "stripe": "^10.10.0"
  },
  "devDependencies": {
    "eslint": "^8.9.0",
    "eslint-config-google": "^0.14.0",
    "firebase-functions-test": "^0.2.0"
  },
  "private": true
}
[debug] [2022-09-18T12:09:30.352Z] Building nodejs source
[debug] [2022-09-18T12:09:30.352Z] Analyzing nodejs backend spec
[debug] [2022-09-18T12:09:30.357Z] Could not find functions.yaml. Must use http discovery
[debug] [2022-09-18T12:09:30.914Z] Serving at port 9005

[debug] [2022-09-18T12:09:31.179Z] Got response from /__/functions.yaml {"endpoints":{"api":{"platform":"gcfv1","httpsTrigger":{},"entryPoint":"api"}},"specVersion":"v1alpha1","requiredAPIs":[]}
[debug] [2022-09-18T12:09:31.193Z] shutdown requested via /__/quitquitquit

[debug] [2022-09-18T12:09:31.205Z] [functions] Loaded functions definitions from source: api.
[debug] [2022-09-18T12:09:31.205Z] [functions[us-central1-api]] http function initialized (http://localhost:5002/e-clone-56597/us-central1/api).
[info] i  functions: Loaded functions: api 
[warn] !  functions: The following emulators are not running, calls to these services will affect production: firestore, database, pubsub, storage, eventarc 
[debug] [2022-09-18T12:25:43.803Z] DEBUG: File D:\front\e-Commerce\functions\index.js changed, reloading triggers
[debug] [2022-09-18T12:25:44.827Z] Validating nodejs source
[debug] [2022-09-18T12:25:51.043Z] > [functions] package.json contents: {
  "name": "functions",
  "description": "Cloud Functions for Firebase",
  "scripts": {
    "lint": "eslint .",
    "serve": "firebase emulators:start --only functions",
    "shell": "firebase functions:shell",
    "start": "npm run shell",
    "deploy": "firebase deploy --only functions",
    "logs": "firebase functions:log"
  },
  "engines": {
    "node": "16"
  },
  "main": "index.js",
  "dependencies": {
    "express": "^4.18.1",
    "firebase-admin": "^10.0.2",
    "firebase-functions": "^3.18.0",
    "stripe": "^10.10.0"
  },
  "devDependencies": {
    "eslint": "^8.9.0",
    "eslint-config-google": "^0.14.0",
    "firebase-functions-test": "^0.2.0"
  },
  "private": true
}
[debug] [2022-09-18T12:25:51.043Z] Building nodejs source
[debug] [2022-09-18T12:25:51.043Z] Analyzing nodejs backend spec
[debug] [2022-09-18T12:25:51.044Z] Could not find functions.yaml. Must use http discovery
[debug] [2022-09-18T12:25:51.972Z] Serving at port 9005

[debug] [2022-09-18T12:25:52.203Z] Got response from /__/functions.yaml {"endpoints":{"api":{"platform":"gcfv1","httpsTrigger":{},"entryPoint":"api"}},"specVersion":"v1alpha1","requiredAPIs":[]}
[error] !!  functions: Failed to load function definition from source: FetchError: request to http://localhost:9005/__/quitquitquit failed, reason: read ECONNRESET {"metadata":{"emulator":{"name":"functions"},"message":"Failed to load function definition from source: FetchError: request to http://localhost:9005/__/quitquitquit failed, reason: read ECONNRESET"}}
[debug] [2022-09-18T12:26:06.129Z] DEBUG: File D:\front\e-Commerce\functions\index.js changed, reloading triggers
[debug] [2022-09-18T12:26:07.142Z] Validating nodejs source
[debug] [2022-09-18T12:26:11.575Z] > [functions] package.json contents: {
  "name": "functions",
  "description": "Cloud Functions for Firebase",
  "scripts": {
    "lint": "eslint .",
    "serve": "firebase emulators:start --only functions",
    "shell": "firebase functions:shell",
    "start": "npm run shell",
    "deploy": "firebase deploy --only functions",
    "logs": "firebase functions:log"
  },
  "engines": {
    "node": "16"
  },
  "main": "index.js",
  "dependencies": {
    "express": "^4.18.1",
    "firebase-admin": "^10.0.2",
    "firebase-functions": "^3.18.0",
    "stripe": "^10.10.0"
  },
  "devDependencies": {
    "eslint": "^8.9.0",
    "eslint-config-google": "^0.14.0",
    "firebase-functions-test": "^0.2.0"
  },
  "private": true
}
[debug] [2022-09-18T12:26:11.575Z] Building nodejs source
[debug] [2022-09-18T12:26:11.575Z] Analyzing nodejs backend spec
[debug] [2022-09-18T12:26:11.576Z] Could not find functions.yaml. Must use http discovery
[debug] [2022-09-18T12:26:12.113Z] Serving at port 9005

[debug] [2022-09-18T12:26:12.325Z] Got response from /__/functions.yaml {"endpoints":{"api":{"platform":"gcfv1","httpsTrigger":{},"entryPoint":"api"}},"specVersion":"v1alpha1","requiredAPIs":[]}
[error] !!  functions: Failed to load function definition from source: FetchError: request to http://localhost:9005/__/quitquitquit failed, reason: read ECONNRESET {"metadata":{"emulator":{"name":"functions"},"message":"Failed to load function definition from source: FetchError: request to http://localhost:9005/__/quitquitquit failed, reason: read ECONNRESET"}}
[debug] [2022-09-18T12:26:13.962Z] DEBUG: File D:\front\e-Commerce\functions\index.js changed, reloading triggers
[debug] [2022-09-18T12:26:14.968Z] Validating nodejs source
[debug] [2022-09-18T12:26:19.652Z] > [functions] package.json contents: {
  "name": "functions",
  "description": "Cloud Functions for Firebase",
  "scripts": {
    "lint": "eslint .",
    "serve": "firebase emulators:start --only functions",
    "shell": "firebase functions:shell",
    "start": "npm run shell",
    "deploy": "firebase deploy --only functions",
    "logs": "firebase functions:log"
  },
  "engines": {
    "node": "16"
  },
  "main": "index.js",
  "dependencies": {
    "express": "^4.18.1",
    "firebase-admin": "^10.0.2",
    "firebase-functions": "^3.18.0",
    "stripe": "^10.10.0"
  },
  "devDependencies": {
    "eslint": "^8.9.0",
    "eslint-config-google": "^0.14.0",
    "firebase-functions-test": "^0.2.0"
  },
  "private": true
}
[debug] [2022-09-18T12:26:19.652Z] Building nodejs source
[debug] [2022-09-18T12:26:19.652Z] Analyzing nodejs backend spec
[debug] [2022-09-18T12:26:19.653Z] Could not find functions.yaml. Must use http discovery
[debug] [2022-09-18T12:26:20.148Z] Serving at port 9005

[debug] [2022-09-18T12:26:20.442Z] Got response from /__/functions.yaml {"endpoints":{"api":{"platform":"gcfv1","httpsTrigger":{},"entryPoint":"api"}},"specVersion":"v1alpha1","requiredAPIs":[]}
[debug] [2022-09-18T12:26:20.461Z] shutdown requested via /__/quitquitquit

[debug] [2022-09-18T12:26:20.471Z] [functions] Loaded functions definitions from source: api.
[debug] [2022-09-18T12:26:20.805Z] DEBUG: File D:\front\e-Commerce\functions\index.js changed, reloading triggers
[debug] [2022-09-18T12:26:21.814Z] Validating nodejs source
[debug] [2022-09-18T12:26:26.233Z] > [functions] package.json contents: {
  "name": "functions",
  "description": "Cloud Functions for Firebase",
  "scripts": {
    "lint": "eslint .",
    "serve": "firebase emulators:start --only functions",
    "shell": "firebase functions:shell",
    "start": "npm run shell",
    "deploy": "firebase deploy --only functions",
    "logs": "firebase functions:log"
  },
  "engines": {
    "node": "16"
  },
  "main": "index.js",
  "dependencies": {
    "express": "^4.18.1",
    "firebase-admin": "^10.0.2",
    "firebase-functions": "^3.18.0",
    "stripe": "^10.10.0"
  },
  "devDependencies": {
    "eslint": "^8.9.0",
    "eslint-config-google": "^0.14.0",
    "firebase-functions-test": "^0.2.0"
  },
  "private": true
}
[debug] [2022-09-18T12:26:26.233Z] Building nodejs source
[debug] [2022-09-18T12:26:26.233Z] Analyzing nodejs backend spec
[debug] [2022-09-18T12:26:26.234Z] Could not find functions.yaml. Must use http discovery
[debug] [2022-09-18T12:26:26.646Z] Serving at port 9005

[debug] [2022-09-18T12:26:26.882Z] Got response from /__/functions.yaml {"endpoints":{"api":{"platform":"gcfv1","httpsTrigger":{},"entryPoint":"api"}},"specVersion":"v1alpha1","requiredAPIs":[]}
[debug] [2022-09-18T12:26:27.721Z] DEBUG: File D:\front\e-Commerce\functions\index.js changed, reloading triggers
[debug] [2022-09-18T12:26:28.738Z] Validating nodejs source
[debug] [2022-09-18T12:26:33.588Z] > [functions] package.json contents: {
  "name": "functions",
  "description": "Cloud Functions for Firebase",
  "scripts": {
    "lint": "eslint .",
    "serve": "firebase emulators:start --only functions",
    "shell": "firebase functions:shell",
    "start": "npm run shell",
    "deploy": "firebase deploy --only functions",
    "logs": "firebase functions:log"
  },
  "engines": {
    "node": "16"
  },
  "main": "index.js",
  "dependencies": {
    "express": "^4.18.1",
    "firebase-admin": "^10.0.2",
    "firebase-functions": "^3.18.0",
    "stripe": "^10.10.0"
  },
  "devDependencies": {
    "eslint": "^8.9.0",
    "eslint-config-google": "^0.14.0",
    "firebase-functions-test": "^0.2.0"
  },
  "private": true
}
[debug] [2022-09-18T12:26:33.589Z] Building nodejs source
[debug] [2022-09-18T12:26:33.589Z] Analyzing nodejs backend spec
[debug] [2022-09-18T12:26:33.590Z] Could not find functions.yaml. Must use http discovery
[debug] [2022-09-18T12:26:34.078Z] Serving at port 9005

[debug] [2022-09-18T12:26:34.320Z] Got response from /__/functions.yaml {"endpoints":{"api":{"platform":"gcfv1","httpsTrigger":{},"entryPoint":"api"}},"specVersion":"v1alpha1","requiredAPIs":[]}
[debug] [2022-09-18T12:26:37.635Z] DEBUG: File D:\front\e-Commerce\functions\index.js changed, reloading triggers
[debug] [2022-09-18T12:26:38.641Z] Validating nodejs source
[debug] [2022-09-18T12:26:43.856Z] > [functions] package.json contents: {
  "name": "functions",
  "description": "Cloud Functions for Firebase",
  "scripts": {
    "lint": "eslint .",
    "serve": "firebase emulators:start --only functions",
    "shell": "firebase functions:shell",
    "start": "npm run shell",
    "deploy": "firebase deploy --only functions",
    "logs": "firebase functions:log"
  },
  "engines": {
    "node": "16"
  },
  "main": "index.js",
  "dependencies": {
    "express": "^4.18.1",
    "firebase-admin": "^10.0.2",
    "firebase-functions": "^3.18.0",
    "stripe": "^10.10.0"
  },
  "devDependencies": {
    "eslint": "^8.9.0",
    "eslint-config-google": "^0.14.0",
    "firebase-functions-test": "^0.2.0"
  },
  "private": true
}
[debug] [2022-09-18T12:26:43.856Z] Building nodejs source
[debug] [2022-09-18T12:26:43.857Z] Analyzing nodejs backend spec
[debug] [2022-09-18T12:26:43.860Z] Could not find functions.yaml. Must use http discovery
[debug] [2022-09-18T12:26:43.897Z] DEBUG: File D:\front\e-Commerce\functions\index.js changed, reloading triggers
[debug] [2022-09-18T12:26:44.902Z] Validating nodejs source
[debug] [2022-09-18T12:26:50.588Z] > [functions] package.json contents: {
  "name": "functions",
  "description": "Cloud Functions for Firebase",
  "scripts": {
    "lint": "eslint .",
    "serve": "firebase emulators:start --only functions",
    "shell": "firebase functions:shell",
    "start": "npm run shell",
    "deploy": "firebase deploy --only functions",
    "logs": "firebase functions:log"
  },
  "engines": {
    "node": "16"
  },
  "main": "index.js",
  "dependencies": {
    "express": "^4.18.1",
    "firebase-admin": "^10.0.2",
    "firebase-functions": "^3.18.0",
    "stripe": "^10.10.0"
  },
  "devDependencies": {
    "eslint": "^8.9.0",
    "eslint-config-google": "^0.14.0",
    "firebase-functions-test": "^0.2.0"
  },
  "private": true
}
[debug] [2022-09-18T12:26:50.589Z] Building nodejs source
[debug] [2022-09-18T12:26:50.589Z] Analyzing nodejs backend spec
[debug] [2022-09-18T12:26:50.592Z] Could not find functions.yaml. Must use http discovery
[debug] [2022-09-18T12:26:50.611Z] Serving at port 9005

[debug] [2022-09-18T12:26:50.613Z] DEBUG: File D:\front\e-Commerce\functions\index.js changed, reloading triggers
[debug] [2022-09-18T12:26:50.929Z] Got response from /__/functions.yaml {"endpoints":{"api":{"platform":"gcfv1","httpsTrigger":{},"entryPoint":"api"}},"specVersion":"v1alpha1","requiredAPIs":[]}
[error] !!  functions: Failed to load function definition from source: FetchError: request to http://localhost:9005/__/quitquitquit failed, reason: connect ECONNREFUSED 127.0.0.1:9005 {"metadata":{"emulator":{"name":"functions"},"message":"Failed to load function definition from source: FetchError: request to http://localhost:9005/__/quitquitquit failed, reason: connect ECONNREFUSED 127.0.0.1:9005"}}
[debug] [2022-09-18T12:26:51.327Z] Serving at port 9006

[debug] [2022-09-18T12:26:51.430Z] Got response from /__/functions.yaml {"endpoints":{"api":{"platform":"gcfv1","httpsTrigger":{},"entryPoint":"api"}},"specVersion":"v1alpha1","requiredAPIs":[]}
[debug] [2022-09-18T12:26:51.618Z] Validating nodejs source
[debug] [2022-09-18T12:26:56.584Z] > [functions] package.json contents: {
  "name": "functions",
  "description": "Cloud Functions for Firebase",
  "scripts": {
    "lint": "eslint .",
    "serve": "firebase emulators:start --only functions",
    "shell": "firebase functions:shell",
    "start": "npm run shell",
    "deploy": "firebase deploy --only functions",
    "logs": "firebase functions:log"
  },
  "engines": {
    "node": "16"
  },
  "main": "index.js",
  "dependencies": {
    "express": "^4.18.1",
    "firebase-admin": "^10.0.2",
    "firebase-functions": "^3.18.0",
    "stripe": "^10.10.0"
  },
  "devDependencies": {
    "eslint": "^8.9.0",
    "eslint-config-google": "^0.14.0",
    "firebase-functions-test": "^0.2.0"
  },
  "private": true
}
[debug] [2022-09-18T12:26:56.584Z] Building nodejs source
[debug] [2022-09-18T12:26:56.584Z] Analyzing nodejs backend spec
[debug] [2022-09-18T12:26:56.586Z] Could not find functions.yaml. Must use http discovery
[debug] [2022-09-18T12:26:57.377Z] Serving at port 9005

[debug] [2022-09-18T12:26:57.505Z] Got response from /__/functions.yaml {"endpoints":{"api":{"platform":"gcfv1","httpsTrigger":{},"entryPoint":"api"}},"specVersion":"v1alpha1","requiredAPIs":[]}
[debug] [2022-09-18T12:54:14.119Z] DEBUG: File D:\front\e-Commerce\functions\index.js changed, reloading triggers
[debug] [2022-09-18T12:54:15.125Z] Validating nodejs source
[debug] [2022-09-18T12:54:20.954Z] > [functions] package.json contents: {
  "name": "functions",
  "description": "Cloud Functions for Firebase",
  "scripts": {
    "lint": "eslint .",
    "serve": "firebase emulators:start --only functions",
    "shell": "firebase functions:shell",
    "start": "npm run shell",
    "deploy": "firebase deploy --only functions",
    "logs": "firebase functions:log"
  },
  "engines": {
    "node": "16"
  },
  "main": "index.js",
  "dependencies": {
    "express": "^4.18.1",
    "firebase-admin": "^10.0.2",
    "firebase-functions": "^3.18.0",
    "stripe": "^10.10.0"
  },
  "devDependencies": {
    "eslint": "^8.9.0",
    "eslint-config-google": "^0.14.0",
    "firebase-functions-test": "^0.2.0"
  },
  "private": true
}
[debug] [2022-09-18T12:54:20.955Z] Building nodejs source
[debug] [2022-09-18T12:54:20.955Z] Analyzing nodejs backend spec
[debug] [2022-09-18T12:54:20.956Z] Could not find functions.yaml. Must use http discovery
[debug] [2022-09-18T12:54:21.673Z] DEBUG: File D:\front\e-Commerce\functions\index.js changed, reloading triggers
[debug] [2022-09-18T12:54:22.169Z] Serving at port 9005

[debug] [2022-09-18T12:54:22.477Z] ok, server is running

[debug] [2022-09-18T12:54:22.491Z] Got response from /__/functions.yaml {"endpoints":{"api":{"platform":"gcfv1","httpsTrigger":{},"entryPoint":"api"}},"specVersion":"v1alpha1","requiredAPIs":[]}
[error] !!  functions: Failed to load function definition from source: FetchError: request to http://localhost:9005/__/quitquitquit failed, reason: read ECONNRESET {"metadata":{"emulator":{"name":"functions"},"message":"Failed to load function definition from source: FetchError: request to http://localhost:9005/__/quitquitquit failed, reason: read ECONNRESET"}}
[debug] [2022-09-18T12:54:22.502Z] shutdown requested via /__/quitquitquit

[debug] [2022-09-18T12:54:22.693Z] Validating nodejs source
[debug] [2022-09-18T12:54:27.488Z] > [functions] package.json contents: {
  "name": "functions",
  "description": "Cloud Functions for Firebase",
  "scripts": {
    "lint": "eslint .",
    "serve": "firebase emulators:start --only functions",
    "shell": "firebase functions:shell",
    "start": "npm run shell",
    "deploy": "firebase deploy --only functions",
    "logs": "firebase functions:log"
  },
  "engines": {
    "node": "16"
  },
  "main": "index.js",
  "dependencies": {
    "express": "^4.18.1",
    "firebase-admin": "^10.0.2",
    "firebase-functions": "^3.18.0",
    "stripe": "^10.10.0"
  },
  "devDependencies": {
    "eslint": "^8.9.0",
    "eslint-config-google": "^0.14.0",
    "firebase-functions-test": "^0.2.0"
  },
  "private": true
}
[debug] [2022-09-18T12:54:27.488Z] Building nodejs source
[debug] [2022-09-18T12:54:27.488Z] Analyzing nodejs backend spec
[debug] [2022-09-18T12:54:27.495Z] Could not find functions.yaml. Must use http discovery
[debug] [2022-09-18T12:54:27.507Z] DEBUG: File D:\front\e-Commerce\functions\index.js changed, reloading triggers
[debug] [2022-09-18T12:54:27.708Z] DEBUG: File D:\front\e-Commerce\functions\index.js changed, reloading triggers
[debug] [2022-09-18T12:54:27.948Z] Serving at port 9005

[error] !!  functions: Failed to load function definition from source: FetchError: request to http://localhost:9005/__/quitquitquit failed, reason: connect ECONNREFUSED 127.0.0.1:9005 {"metadata":{"emulator":{"name":"functions"},"message":"Failed to load function definition from source: FetchError: request to http://localhost:9005/__/quitquitquit failed, reason: connect ECONNREFUSED 127.0.0.1:9005"}}
[debug] [2022-09-18T12:54:28.712Z] Validating nodejs source
[debug] [2022-09-18T12:54:34.344Z] > [functions] package.json contents: {
  "name": "functions",
  "description": "Cloud Functions for Firebase",
  "scripts": {
    "lint": "eslint .",
    "serve": "firebase emulators:start --only functions",
    "shell": "firebase functions:shell",
    "start": "npm run shell",
    "deploy": "firebase deploy --only functions",
    "logs": "firebase functions:log"
  },
  "engines": {
    "node": "16"
  },
  "main": "index.js",
  "dependencies": {
    "express": "^4.18.1",
    "firebase-admin": "^10.0.2",
    "firebase-functions": "^3.18.0",
    "stripe": "^10.10.0"
  },
  "devDependencies": {
    "eslint": "^8.9.0",
    "eslint-config-google": "^0.14.0",
    "firebase-functions-test": "^0.2.0"
  },
  "private": true
}
[debug] [2022-09-18T12:54:34.344Z] Building nodejs source
[debug] [2022-09-18T12:54:34.344Z] Analyzing nodejs backend spec
